<?xml version="1.0" encoding="UTF-8"?>
<testsuite xmlns:xsi="http://www.w3.org/2001/XMLSchema-instance" xsi:noNamespaceSchemaLocation="https://maven.apache.org/surefire/maven-surefire-plugin/xsd/surefire-test-report-3.0.xsd" version="3.0" name="proyecto.inventario.AppTest" time="0.096" tests="7" errors="0" skipped="0" failures="0">
  <properties>
    <property name="awt.toolkit" value="sun.awt.X11.XToolkit"/>
    <property name="java.specification.version" value="11"/>
    <property name="sun.cpu.isalist" value=""/>
    <property name="sun.jnu.encoding" value="UTF-8"/>
    <property name="java.class.path" value="/workspaces/ProyectoInventario_Calidad_de_Sofware/proyecto_inventario/target/test-classes:/workspaces/ProyectoInventario_Calidad_de_Sofware/proyecto_inventario/target/classes:/home/codespace/.m2/repository/junit/junit/3.8.1/junit-3.8.1.jar:"/>
    <property name="java.vm.vendor" value="Microsoft"/>
    <property name="sun.arch.data.model" value="64"/>
    <property name="java.vendor.url" value="https://www.microsoft.com"/>
    <property name="user.timezone" value=""/>
    <property name="java.vm.specification.version" value="11"/>
    <property name="os.name" value="Linux"/>
    <property name="sun.java.launcher" value="SUN_STANDARD"/>
    <property name="sun.boot.library.path" value="/opt/java/11.0.14/lib"/>
    <property name="sun.java.command" value="/workspaces/ProyectoInventario_Calidad_de_Sofware/proyecto_inventario/target/surefire/surefirebooter-20250709014428431_3.jar /workspaces/ProyectoInventario_Calidad_de_Sofware/proyecto_inventario/target/surefire 2025-07-09T01-44-28_216-jvmRun1 surefire-20250709014428431_1tmp surefire_0-20250709014428431_2tmp"/>
    <property name="jdk.debug" value="release"/>
    <property name="surefire.test.class.path" value="/workspaces/ProyectoInventario_Calidad_de_Sofware/proyecto_inventario/target/test-classes:/workspaces/ProyectoInventario_Calidad_de_Sofware/proyecto_inventario/target/classes:/home/codespace/.m2/repository/junit/junit/3.8.1/junit-3.8.1.jar:"/>
    <property name="sun.cpu.endian" value="little"/>
    <property name="user.home" value="/home/codespace"/>
    <property name="user.language" value="en"/>
    <property name="java.specification.vendor" value="Oracle Corporation"/>
    <property name="java.version.date" value="2022-02-08"/>
    <property name="java.home" value="/opt/java/11.0.14"/>
    <property name="file.separator" value="/"/>
    <property name="basedir" value="/workspaces/ProyectoInventario_Calidad_de_Sofware/proyecto_inventario"/>
    <property name="java.vm.compressedOopsMode" value="32-bit"/>
    <property name="line.separator" value="&#10;"/>
    <property name="java.specification.name" value="Java Platform API Specification"/>
    <property name="java.vm.specification.vendor" value="Oracle Corporation"/>
    <property name="java.awt.graphicsenv" value="sun.awt.X11GraphicsEnvironment"/>
    <property name="surefire.real.class.path" value="/workspaces/ProyectoInventario_Calidad_de_Sofware/proyecto_inventario/target/surefire/surefirebooter-20250709014428431_3.jar"/>
    <property name="sun.management.compiler" value="HotSpot 64-Bit Tiered Compilers"/>
    <property name="java.runtime.version" value="11.0.14.1+1-LTS"/>
    <property name="user.name" value="codespace"/>
    <property name="path.separator" value=":"/>
    <property name="os.version" value="6.8.0-1027-azure"/>
    <property name="java.runtime.name" value="OpenJDK Runtime Environment"/>
    <property name="file.encoding" value="UTF-8"/>
    <property name="java.vm.name" value="OpenJDK 64-Bit Server VM"/>
    <property name="java.vendor.version" value="Microsoft-31205"/>
    <property name="localRepository" value="/home/codespace/.m2/repository"/>
    <property name="java.vendor.url.bug" value="https://github.com/microsoft/openjdk/issues"/>
    <property name="java.io.tmpdir" value="/tmp"/>
    <property name="java.version" value="11.0.14.1"/>
    <property name="user.dir" value="/workspaces/ProyectoInventario_Calidad_de_Sofware/proyecto_inventario"/>
    <property name="os.arch" value="amd64"/>
    <property name="java.vm.specification.name" value="Java Virtual Machine Specification"/>
    <property name="java.awt.printerjob" value="sun.print.PSPrinterJob"/>
    <property name="sun.os.patch.level" value="unknown"/>
    <property name="java.library.path" value="/usr/java/packages/lib:/usr/lib64:/lib64:/lib:/usr/lib"/>
    <property name="java.vm.info" value="mixed mode"/>
    <property name="java.vendor" value="Microsoft"/>
    <property name="java.vm.version" value="11.0.14.1+1-LTS"/>
    <property name="sun.io.unicode.encoding" value="UnicodeLittle"/>
    <property name="java.class.version" value="55.0"/>
  </properties>
  <testcase name="testAppMainMethod" classname="proyecto.inventario.AppTest" time="0.055"/>
  <testcase name="testAppMainMethodProducesOutput" classname="proyecto.inventario.AppTest" time="0.003"/>
  <testcase name="testAppMainMethodCreatesCsvFile" classname="proyecto.inventario.AppTest" time="0.004"/>
  <testcase name="testAppMainMethodWithEmptyArgs" classname="proyecto.inventario.AppTest" time="0.006"/>
  <testcase name="testAppMainMethodWithNullArgs" classname="proyecto.inventario.AppTest" time="0.011"/>
  <testcase name="testAppClassExists" classname="proyecto.inventario.AppTest" time="0.0"/>
  <testcase name="testAppIntegratesWithInventory" classname="proyecto.inventario.AppTest" time="0.006"/>
</testsuite>